#
# There is insufficient memory for the Java Runtime Environment to continue.
# Native memory allocation (malloc) failed to allocate 166016 bytes. Error detail: Chunk::new
# Possible reasons:
#   The system is out of physical RAM or swap space
#   This process is running with CompressedOops enabled, and the Java Heap may be blocking the growth of the native heap
# Possible solutions:
#   Reduce memory load on the system
#   Increase physical memory or swap space
#   Check if swap backing store is full
#   Decrease Java heap size (-Xmx/-Xms)
#   Decrease number of Java threads
#   Decrease Java thread stack sizes (-Xss)
#   Set larger code cache with -XX:ReservedCodeCacheSize=
#   JVM is running with Zero Based Compressed Oops mode in which the Java heap is
#     placed in the first 32GB address space. The Java Heap base address is the
#     maximum limit for the native heap growth. Please use -XX:HeapBaseMinAddress
#     to set the Java Heap base and to place the Java Heap above 32GB virtual address.
# This output file may be truncated or incomplete.
#
#  Out of Memory Error (arena.cpp:168), pid=35692, tid=30264
#
# JRE version: OpenJDK Runtime Environment JBR-21.0.8+1-895.146-jcef (21.0.8+1) (build 21.0.8+1-b895.146)
# Java VM: OpenJDK 64-Bit Server VM JBR-21.0.8+1-895.146-jcef (21.0.8+1-b895.146, mixed mode, sharing, tiered, compressed oops, compressed class ptrs, g1 gc, windows-amd64)
# No core dump will be written. Minidumps are not enabled by default on client versions of Windows
#

---------------  S U M M A R Y ------------

Command Line: git4idea.http.GitAskPassApp Password for 'https://mashud-rana@gitlab.com': 

Host: Intel(R) Core(TM) i5-8350U CPU @ 1.70GHz, 8 cores, 15G,  Windows 11 , 64 bit Build 22621 (10.0.22621.5415)
Time: Thu Oct 16 17:15:22 2025 Bangladesh Standard Time elapsed time: 0.975760 seconds (0d 0h 0m 0s)

---------------  T H R E A D  ---------------

Current thread (0x00000277fc806df0):  JavaThread "C2 CompilerThread0" daemon [_thread_in_native, id=30264, stack(0x0000008325100000,0x0000008325200000) (1024K)]


Current CompileTask:
C2:975  989   !   4       java.util.concurrent.ConcurrentHashMap::putVal (432 bytes)

Stack: [0x0000008325100000,0x0000008325200000]
Native frames: (J=compiled Java code, j=interpreted, Vv=VM code, C=native code)
V  [jvm.dll+0x6ea2e9]
V  [jvm.dll+0x8ca2d3]
V  [jvm.dll+0x8cc88e]
V  [jvm.dll+0x8ccf73]
V  [jvm.dll+0x28a656]
V  [jvm.dll+0xc6efd]
V  [jvm.dll+0xc7433]
V  [jvm.dll+0x301570]
V  [jvm.dll+0x60fed9]
V  [jvm.dll+0x25ae02]
V  [jvm.dll+0x2535fd]
V  [jvm.dll+0x2511be]
V  [jvm.dll+0x1ceb24]
V  [jvm.dll+0x260b5e]
V  [jvm.dll+0x25f0a6]
V  [jvm.dll+0x402386]
V  [jvm.dll+0x871e88]
V  [jvm.dll+0x6e8aad]
C  [ucrtbase.dll+0x29333]
C  [KERNEL32.DLL+0x1259d]
C  [ntdll.dll+0x5af78]


---------------  P R O C E S S  ---------------

Threads class SMR info:
_java_thread_list=0x00000277fd758c00, length=14, elements={
0x00000277dfef3ec0, 0x00000277fc7f53b0, 0x00000277fc7f6470, 0x00000277fc7fa7b0,
0x00000277fc7fb560, 0x00000277fc7fc160, 0x00000277fc7fcd60, 0x00000277fc806df0,
0x00000277fc814600, 0x00000277fd114390, 0x00000277fd116bc0, 0x00000277fd7276e0,
0x00000277fd7dd0d0, 0x00000277fd7e7540
}

Java Threads: ( => current thread )
  0x00000277dfef3ec0 JavaThread "main"                              [_thread_blocked, id=34344, stack(0x0000008324300000,0x0000008324400000) (1024K)]
  0x00000277fc7f53b0 JavaThread "Reference Handler"          daemon [_thread_blocked, id=2152, stack(0x0000008324b00000,0x0000008324c00000) (1024K)]
  0x00000277fc7f6470 JavaThread "Finalizer"                  daemon [_thread_blocked, id=25180, stack(0x0000008324c00000,0x0000008324d00000) (1024K)]
  0x00000277fc7fa7b0 JavaThread "Signal Dispatcher"          daemon [_thread_blocked, id=28408, stack(0x0000008324d00000,0x0000008324e00000) (1024K)]
  0x00000277fc7fb560 JavaThread "Attach Listener"            daemon [_thread_blocked, id=28372, stack(0x0000008324e00000,0x0000008324f00000) (1024K)]
  0x00000277fc7fc160 JavaThread "Service Thread"             daemon [_thread_blocked, id=29420, stack(0x0000008324f00000,0x0000008325000000) (1024K)]
  0x00000277fc7fcd60 JavaThread "Monitor Deflation Thread"   daemon [_thread_blocked, id=30336, stack(0x0000008325000000,0x0000008325100000) (1024K)]
=>0x00000277fc806df0 JavaThread "C2 CompilerThread0"         daemon [_thread_in_native, id=30264, stack(0x0000008325100000,0x0000008325200000) (1024K)]
  0x00000277fc814600 JavaThread "C1 CompilerThread0"         daemon [_thread_blocked, id=22404, stack(0x0000008325200000,0x0000008325300000) (1024K)]
  0x00000277fd114390 JavaThread "Notification Thread"        daemon [_thread_blocked, id=6820, stack(0x0000008325300000,0x0000008325400000) (1024K)]
  0x00000277fd116bc0 JavaThread "Common-Cleaner"             daemon [_thread_blocked, id=8576, stack(0x0000008325400000,0x0000008325500000) (1024K)]
  0x00000277fd7276e0 JavaThread "HttpClient-1-SelectorManager" daemon [_thread_in_native, id=25140, stack(0x0000008325500000,0x0000008325600000) (1024K)]
  0x00000277fd7dd0d0 JavaThread "HttpClient-1-Worker-0"      daemon [_thread_in_vm, id=34468, stack(0x0000008325700000,0x0000008325800000) (1024K)]
  0x00000277fd7e7540 JavaThread "HttpClient-1-Worker-1"      daemon [_thread_blocked, id=33404, stack(0x0000008325800000,0x0000008325900000) (1024K)]
Total: 14

Other Threads:
  0x00000277fc7da8e0 VMThread "VM Thread"                           [id=12880, stack(0x0000008324a00000,0x0000008324b00000) (1024K)]
  0x00000277fc7c8250 WatcherThread "VM Periodic Task Thread"        [id=8188, stack(0x0000008324900000,0x0000008324a00000) (1024K)]
  0x00000277e00f4420 WorkerThread "GC Thread#0"                     [id=8940, stack(0x0000008324400000,0x0000008324500000) (1024K)]
  0x00000277e0105340 ConcurrentGCThread "G1 Main Marker"            [id=22616, stack(0x0000008324500000,0x0000008324600000) (1024K)]
  0x00000277e01065e0 WorkerThread "G1 Conc#0"                       [id=14864, stack(0x0000008324600000,0x0000008324700000) (1024K)]
  0x00000277fc69a020 ConcurrentGCThread "G1 Refine#0"               [id=31740, stack(0x0000008324700000,0x0000008324800000) (1024K)]
  0x00000277fc69a840 ConcurrentGCThread "G1 Service"                [id=11812, stack(0x0000008324800000,0x0000008324900000) (1024K)]
Total: 7

Threads with active compile tasks:
C2 CompilerThread0  1024  989   !   4       java.util.concurrent.ConcurrentHashMap::putVal (432 bytes)
Total: 1

VM state: not at safepoint (normal execution)

VM Mutex/Monitor currently owned by a thread:  ([mutex/lock_event])
[0x00007ffcec404988] Metaspace_lock - owner thread: 0x00000277fd7dd0d0

Heap address: 0x0000000702600000, size: 4058 MB, Compressed Oops mode: Zero based, Oop shift amount: 3

CDS archive(s) mapped at: [0x0000027780000000-0x0000027780d20000-0x0000027780d20000), size 13762560, SharedBaseAddress: 0x0000027780000000, ArchiveRelocationMode: 1.
Compressed class space mapped at: 0x0000027781000000-0x00000277c1000000, reserved size: 1073741824
Narrow klass base: 0x0000027780000000, Narrow klass shift: 0, Narrow klass range: 0x100000000

GC Precious Log:
 CardTable entry size: 512
 Card Set container configuration: InlinePtr #cards 4 size 8 Array Of Cards #cards 16 size 48 Howl #buckets 8 coarsen threshold 3686 Howl Bitmap #cards 512 size 80 coarsen threshold 460 Card regions per heap region 1 cards per card region 4096
 CPUs: 8 total, 8 available
 Memory: 16227M
 Large Page Support: Disabled
 NUMA Support: Disabled
 Compressed Oops: Enabled (Zero based)
 Heap Region Size: 2M
 Heap Min Capacity: 8M
 Heap Initial Capacity: 254M
 Heap Max Capacity: 4058M
 Pre-touch: Disabled
 Parallel Workers: 8
 Concurrent Workers: 2
 Concurrent Refinement Workers: 8
 Periodic GC: Disabled

Heap:
 garbage-first heap   total 260096K, used 12288K [0x0000000702600000, 0x0000000800000000)
  region size 2048K, 7 young (14336K), 0 survivors (0K)
 Metaspace       used 7673K, committed 7872K, reserved 1114112K
  class space    used 907K, committed 1024K, reserved 1048576K

Heap Regions: E=young(eden), S=young(survivor), O=old, HS=humongous(starts), HC=humongous(continues), CS=collection set, F=free, TAMS=top-at-mark-start, PB=parsable bottom
|   0|0x0000000702600000, 0x0000000702600000, 0x0000000702800000|  0%| F|  |TAMS 0x0000000702600000| PB 0x0000000702600000| Untracked 
|   1|0x0000000702800000, 0x0000000702800000, 0x0000000702a00000|  0%| F|  |TAMS 0x0000000702800000| PB 0x0000000702800000| Untracked 
|   2|0x0000000702a00000, 0x0000000702a00000, 0x0000000702c00000|  0%| F|  |TAMS 0x0000000702a00000| PB 0x0000000702a00000| Untracked 
|   3|0x0000000702c00000, 0x0000000702c00000, 0x0000000702e00000|  0%| F|  |TAMS 0x0000000702c00000| PB 0x0000000702c00000| Untracked 
|   4|0x0000000702e00000, 0x0000000702e00000, 0x0000000703000000|  0%| F|  |TAMS 0x0000000702e00000| PB 0x0000000702e00000| Untracked 
|   5|0x0000000703000000, 0x0000000703000000, 0x0000000703200000|  0%| F|  |TAMS 0x0000000703000000| PB 0x0000000703000000| Untracked 
|   6|0x0000000703200000, 0x0000000703200000, 0x0000000703400000|  0%| F|  |TAMS 0x0000000703200000| PB 0x0000000703200000| Untracked 
|   7|0x0000000703400000, 0x0000000703400000, 0x0000000703600000|  0%| F|  |TAMS 0x0000000703400000| PB 0x0000000703400000| Untracked 
|   8|0x0000000703600000, 0x0000000703600000, 0x0000000703800000|  0%| F|  |TAMS 0x0000000703600000| PB 0x0000000703600000| Untracked 
|   9|0x0000000703800000, 0x0000000703800000, 0x0000000703a00000|  0%| F|  |TAMS 0x0000000703800000| PB 0x0000000703800000| Untracked 
|  10|0x0000000703a00000, 0x0000000703a00000, 0x0000000703c00000|  0%| F|  |TAMS 0x0000000703a00000| PB 0x0000000703a00000| Untracked 
|  11|0x0000000703c00000, 0x0000000703c00000, 0x0000000703e00000|  0%| F|  |TAMS 0x0000000703c00000| PB 0x0000000703c00000| Untracked 
|  12|0x0000000703e00000, 0x0000000703e00000, 0x0000000704000000|  0%| F|  |TAMS 0x0000000703e00000| PB 0x0000000703e00000| Untracked 
|  13|0x0000000704000000, 0x0000000704000000, 0x0000000704200000|  0%| F|  |TAMS 0x0000000704000000| PB 0x0000000704000000| Untracked 
|  14|0x0000000704200000, 0x0000000704200000, 0x0000000704400000|  0%| F|  |TAMS 0x0000000704200000| PB 0x0000000704200000| Untracked 
|  15|0x0000000704400000, 0x0000000704400000, 0x0000000704600000|  0%| F|  |TAMS 0x0000000704400000| PB 0x0000000704400000| Untracked 
|  16|0x0000000704600000, 0x0000000704600000, 0x0000000704800000|  0%| F|  |TAMS 0x0000000704600000| PB 0x0000000704600000| Untracked 
|  17|0x0000000704800000, 0x0000000704800000, 0x0000000704a00000|  0%| F|  |TAMS 0x0000000704800000| PB 0x0000000704800000| Untracked 
|  18|0x0000000704a00000, 0x0000000704a00000, 0x0000000704c00000|  0%| F|  |TAMS 0x0000000704a00000| PB 0x0000000704a00000| Untracked 
|  19|0x0000000704c00000, 0x0000000704c00000, 0x0000000704e00000|  0%| F|  |TAMS 0x0000000704c00000| PB 0x0000000704c00000| Untracked 
|  20|0x0000000704e00000, 0x0000000704e00000, 0x0000000705000000|  0%| F|  |TAMS 0x0000000704e00000| PB 0x0000000704e00000| Untracked 
|  21|0x0000000705000000, 0x0000000705000000, 0x0000000705200000|  0%| F|  |TAMS 0x0000000705000000| PB 0x0000000705000000| Untracked 
|  22|0x0000000705200000, 0x0000000705200000, 0x0000000705400000|  0%| F|  |TAMS 0x0000000705200000| PB 0x0000000705200000| Untracked 
|  23|0x0000000705400000, 0x0000000705400000, 0x0000000705600000|  0%| F|  |TAMS 0x0000000705400000| PB 0x0000000705400000| Untracked 
|  24|0x0000000705600000, 0x0000000705600000, 0x0000000705800000|  0%| F|  |TAMS 0x0000000705600000| PB 0x0000000705600000| Untracked 
|  25|0x0000000705800000, 0x0000000705800000, 0x0000000705a00000|  0%| F|  |TAMS 0x0000000705800000| PB 0x0000000705800000| Untracked 
|  26|0x0000000705a00000, 0x0000000705a00000, 0x0000000705c00000|  0%| F|  |TAMS 0x0000000705a00000| PB 0x0000000705a00000| Untracked 
|  27|0x0000000705c00000, 0x0000000705c00000, 0x0000000705e00000|  0%| F|  |TAMS 0x0000000705c00000| PB 0x0000000705c00000| Untracked 
|  28|0x0000000705e00000, 0x0000000705e00000, 0x0000000706000000|  0%| F|  |TAMS 0x0000000705e00000| PB 0x0000000705e00000| Untracked 
|  29|0x0000000706000000, 0x0000000706000000, 0x0000000706200000|  0%| F|  |TAMS 0x0000000706000000| PB 0x0000000706000000| Untracked 
|  30|0x0000000706200000, 0x0000000706200000, 0x0000000706400000|  0%| F|  |TAMS 0x0000000706200000| PB 0x0000000706200000| Untracked 
|  31|0x0000000706400000, 0x0000000706400000, 0x0000000706600000|  0%| F|  |TAMS 0x0000000706400000| PB 0x0000000706400000| Untracked 
|  32|0x0000000706600000, 0x0000000706600000, 0x0000000706800000|  0%| F|  |TAMS 0x0000000706600000| PB 0x0000000706600000| Untracked 
|  33|0x0000000706800000, 0x0000000706800000, 0x0000000706a00000|  0%| F|  |TAMS 0x0000000706800000| PB 0x0000000706800000| Untracked 
|  34|0x0000000706a00000, 0x0000000706a00000, 0x0000000706c00000|  0%| F|  |TAMS 0x0000000706a00000| PB 0x0000000706a00000| Untracked 
|  35|0x0000000706c00000, 0x0000000706c00000, 0x0000000706e00000|  0%| F|  |TAMS 0x0000000706c00000| PB 0x0000000706c00000| Untracked 
|  36|0x0000000706e00000, 0x0000000706e00000, 0x0000000707000000|  0%| F|  |TAMS 0x0000000706e00000| PB 0x0000000706e00000| Untracked 
|  37|0x0000000707000000, 0x0000000707000000, 0x0000000707200000|  0%| F|  |TAMS 0x0000000707000000| PB 0x0000000707000000| Untracked 
|  38|0x0000000707200000, 0x0000000707200000, 0x0000000707400000|  0%| F|  |TAMS 0x0000000707200000| PB 0x0000000707200000| Untracked 
|  39|0x0000000707400000, 0x0000000707400000, 0x0000000707600000|  0%| F|  |TAMS 0x0000000707400000| PB 0x0000000707400000| Untracked 
|  40|0x0000000707600000, 0x0000000707600000, 0x0000000707800000|  0%| F|  |TAMS 0x0000000707600000| PB 0x0000000707600000| Untracked 
|  41|0x0000000707800000, 0x0000000707800000, 0x0000000707a00000|  0%| F|  |TAMS 0x0000000707800000| PB 0x0000000707800000| Untracked 
|  42|0x0000000707a00000, 0x0000000707a00000, 0x0000000707c00000|  0%| F|  |TAMS 0x0000000707a00000| PB 0x0000000707a00000| Untracked 
|  43|0x0000000707c00000, 0x0000000707c00000, 0x0000000707e00000|  0%| F|  |TAMS 0x0000000707c00000| PB 0x0000000707c00000| Untracked 
|  44|0x0000000707e00000, 0x0000000707e00000, 0x0000000708000000|  0%| F|  |TAMS 0x0000000707e00000| PB 0x0000000707e00000| Untracked 
|  45|0x0000000708000000, 0x0000000708000000, 0x0000000708200000|  0%| F|  |TAMS 0x0000000708000000| PB 0x0000000708000000| Untracked 
|  46|0x0000000708200000, 0x0000000708200000, 0x0000000708400000|  0%| F|  |TAMS 0x0000000708200000| PB 0x0000000708200000| Untracked 
|  47|0x0000000708400000, 0x0000000708400000, 0x0000000708600000|  0%| F|  |TAMS 0x0000000708400000| PB 0x0000000708400000| Untracked 
|  48|0x0000000708600000, 0x0000000708600000, 0x0000000708800000|  0%| F|  |TAMS 0x0000000708600000| PB 0x0000000708600000| Untracked 
|  49|0x0000000708800000, 0x0000000708800000, 0x0000000708a00000|  0%| F|  |TAMS 0x0000000708800000| PB 0x0000000708800000| Untracked 
|  50|0x0000000708a00000, 0x0000000708a00000, 0x0000000708c00000|  0%| F|  |TAMS 0x0000000708a00000| PB 0x0000000708a00000| Untracked 
|  51|0x0000000708c00000, 0x0000000708c00000, 0x0000000708e00000|  0%| F|  |TAMS 0x0000000708c00000| PB 0x0000000708c00000| Untracked 
|  52|0x0000000708e00000, 0x0000000708e00000, 0x0000000709000000|  0%| F|  |TAMS 0x0000000708e00000| PB 0x0000000708e00000| Untracked 
|  53|0x0000000709000000, 0x0000000709000000, 0x0000000709200000|  0%| F|  |TAMS 0x0000000709000000| PB 0x0000000709000000| Untracked 
|  54|0x0000000709200000, 0x0000000709200000, 0x0000000709400000|  0%| F|  |TAMS 0x0000000709200000| PB 0x0000000709200000| Untracked 
|  55|0x0000000709400000, 0x0000000709400000, 0x0000000709600000|  0%| F|  |TAMS 0x0000000709400000| PB 0x0000000709400000| Untracked 
|  56|0x0000000709600000, 0x0000000709600000, 0x0000000709800000|  0%| F|  |TAMS 0x0000000709600000| PB 0x0000000709600000| Untracked 
|  57|0x0000000709800000, 0x0000000709800000, 0x0000000709a00000|  0%| F|  |TAMS 0x0000000709800000| PB 0x0000000709800000| Untracked 
|  58|0x0000000709a00000, 0x0000000709a00000, 0x0000000709c00000|  0%| F|  |TAMS 0x0000000709a00000| PB 0x0000000709a00000| Untracked 
|  59|0x0000000709c00000, 0x0000000709c00000, 0x0000000709e00000|  0%| F|  |TAMS 0x0000000709c00000| PB 0x0000000709c00000| Untracked 
|  60|0x0000000709e00000, 0x0000000709e00000, 0x000000070a000000|  0%| F|  |TAMS 0x0000000709e00000| PB 0x0000000709e00000| Untracked 
|  61|0x000000070a000000, 0x000000070a000000, 0x000000070a200000|  0%| F|  |TAMS 0x000000070a000000| PB 0x000000070a000000| Untracked 
|  62|0x000000070a200000, 0x000000070a200000, 0x000000070a400000|  0%| F|  |TAMS 0x000000070a200000| PB 0x000000070a200000| Untracked 
|  63|0x000000070a400000, 0x000000070a400000, 0x000000070a600000|  0%| F|  |TAMS 0x000000070a400000| PB 0x000000070a400000| Untracked 
|  64|0x000000070a600000, 0x000000070a600000, 0x000000070a800000|  0%| F|  |TAMS 0x000000070a600000| PB 0x000000070a600000| Untracked 
|  65|0x000000070a800000, 0x000000070a800000, 0x000000070aa00000|  0%| F|  |TAMS 0x000000070a800000| PB 0x000000070a800000| Untracked 
|  66|0x000000070aa00000, 0x000000070aa00000, 0x000000070ac00000|  0%| F|  |TAMS 0x000000070aa00000| PB 0x000000070aa00000| Untracked 
|  67|0x000000070ac00000, 0x000000070ac00000, 0x000000070ae00000|  0%| F|  |TAMS 0x000000070ac00000| PB 0x000000070ac00000| Untracked 
|  68|0x000000070ae00000, 0x000000070ae00000, 0x000000070b000000|  0%| F|  |TAMS 0x000000070ae00000| PB 0x000000070ae00000| Untracked 
|  69|0x000000070b000000, 0x000000070b000000, 0x000000070b200000|  0%| F|  |TAMS 0x000000070b000000| PB 0x000000070b000000| Untracked 
|  70|0x000000070b200000, 0x000000070b200000, 0x000000070b400000|  0%| F|  |TAMS 0x000000070b200000| PB 0x000000070b200000| Untracked 
|  71|0x000000070b400000, 0x000000070b400000, 0x000000070b600000|  0%| F|  |TAMS 0x000000070b400000| PB 0x000000070b400000| Untracked 
|  72|0x000000070b600000, 0x000000070b600000, 0x000000070b800000|  0%| F|  |TAMS 0x000000070b600000| PB 0x000000070b600000| Untracked 
|  73|0x000000070b800000, 0x000000070b800000, 0x000000070ba00000|  0%| F|  |TAMS 0x000000070b800000| PB 0x000000070b800000| Untracked 
|  74|0x000000070ba00000, 0x000000070ba00000, 0x000000070bc00000|  0%| F|  |TAMS 0x000000070ba00000| PB 0x000000070ba00000| Untracked 
|  75|0x000000070bc00000, 0x000000070bc00000, 0x000000070be00000|  0%| F|  |TAMS 0x000000070bc00000| PB 0x000000070bc00000| Untracked 
|  76|0x000000070be00000, 0x000000070be00000, 0x000000070c000000|  0%| F|  |TAMS 0x000000070be00000| PB 0x000000070be00000| Untracked 
|  77|0x000000070c000000, 0x000000070c000000, 0x000000070c200000|  0%| F|  |TAMS 0x000000070c000000| PB 0x000000070c000000| Untracked 
|  78|0x000000070c200000, 0x000000070c200000, 0x000000070c400000|  0%| F|  |TAMS 0x000000070c200000| PB 0x000000070c200000| Untracked 
|  79|0x000000070c400000, 0x000000070c400000, 0x000000070c600000|  0%| F|  |TAMS 0x000000070c400000| PB 0x000000070c400000| Untracked 
|  80|0x000000070c600000, 0x000000070c600000, 0x000000070c800000|  0%| F|  |TAMS 0x000000070c600000| PB 0x000000070c600000| Untracked 
|  81|0x000000070c800000, 0x000000070c800000, 0x000000070ca00000|  0%| F|  |TAMS 0x000000070c800000| PB 0x000000070c800000| Untracked 
|  82|0x000000070ca00000, 0x000000070ca00000, 0x000000070cc00000|  0%| F|  |TAMS 0x000000070ca00000| PB 0x000000070ca00000| Untracked 
|  83|0x000000070cc00000, 0x000000070cc00000, 0x000000070ce00000|  0%| F|  |TAMS 0x000000070cc00000| PB 0x000000070cc00000| Untracked 
|  84|0x000000070ce00000, 0x000000070ce00000, 0x000000070d000000|  0%| F|  |TAMS 0x000000070ce00000| PB 0x000000070ce00000| Untracked 
|  85|0x000000070d000000, 0x000000070d000000, 0x000000070d200000|  0%| F|  |TAMS 0x000000070d000000| PB 0x000000070d000000| Untracked 
|  86|0x000000070d200000, 0x000000070d200000, 0x000000070d400000|  0%| F|  |TAMS 0x000000070d200000| PB 0x000000070d200000| Untracked 
|  87|0x000000070d400000, 0x000000070d400000, 0x000000070d600000|  0%| F|  |TAMS 0x000000070d400000| PB 0x000000070d400000| Untracked 
|  88|0x000000070d600000, 0x000000070d600000, 0x000000070d800000|  0%| F|  |TAMS 0x000000070d600000| PB 0x000000070d600000| Untracked 
|  89|0x000000070d800000, 0x000000070d800000, 0x000000070da00000|  0%| F|  |TAMS 0x000000070d800000| PB 0x000000070d800000| Untracked 
|  90|0x000000070da00000, 0x000000070da00000, 0x000000070dc00000|  0%| F|  |TAMS 0x000000070da00000| PB 0x000000070da00000| Untracked 
|  91|0x000000070dc00000, 0x000000070dc00000, 0x000000070de00000|  0%| F|  |TAMS 0x000000070dc00000| PB 0x000000070dc00000| Untracked 
|  92|0x000000070de00000, 0x000000070de00000, 0x000000070e000000|  0%| F|  |TAMS 0x000000070de00000| PB 0x000000070de00000| Untracked 
|  93|0x000000070e000000, 0x000000070e000000, 0x000000070e200000|  0%| F|  |TAMS 0x000000070e000000| PB 0x000000070e000000| Untracked 
|  94|0x000000070e200000, 0x000000070e200000, 0x000000070e400000|  0%| F|  |TAMS 0x000000070e200000| PB 0x000000070e200000| Untracked 
|  95|0x000000070e400000, 0x000000070e400000, 0x000000070e600000|  0%| F|  |TAMS 0x000000070e400000| PB 0x000000070e400000| Untracked 
|  96|0x000000070e600000, 0x000000070e600000, 0x000000070e800000|  0%| F|  |TAMS 0x000000070e600000| PB 0x000000070e600000| Untracked 
|  97|0x000000070e800000, 0x000000070e800000, 0x000000070ea00000|  0%| F|  |TAMS 0x000000070e800000| PB 0x000000070e800000| Untracked 
|  98|0x000000070ea00000, 0x000000070ea00000, 0x000000070ec00000|  0%| F|  |TAMS 0x000000070ea00000| PB 0x000000070ea00000| Untracked 
|  99|0x000000070ec00000, 0x000000070ec00000, 0x000000070ee00000|  0%| F|  |TAMS 0x000000070ec00000| PB 0x000000070ec00000| Untracked 
| 100|0x000000070ee00000, 0x000000070ee00000, 0x000000070f000000|  0%| F|  |TAMS 0x000000070ee00000| PB 0x000000070ee00000| Untracked 
| 101|0x000000070f000000, 0x000000070f000000, 0x000000070f200000|  0%| F|  |TAMS 0x000000070f000000| PB 0x000000070f000000| Untracked 
| 102|0x000000070f200000, 0x000000070f200000, 0x000000070f400000|  0%| F|  |TAMS 0x000000070f200000| PB 0x000000070f200000| Untracked 
| 103|0x000000070f400000, 0x000000070f400000, 0x000000070f600000|  0%| F|  |TAMS 0x000000070f400000| PB 0x000000070f400000| Untracked 
| 104|0x000000070f600000, 0x000000070f600000, 0x000000070f800000|  0%| F|  |TAMS 0x000000070f600000| PB 0x000000070f600000| Untracked 
| 105|0x000000070f800000, 0x000000070f800000, 0x000000070fa00000|  0%| F|  |TAMS 0x000000070f800000| PB 0x000000070f800000| Untracked 
| 106|0x000000070fa00000, 0x000000070fa00000, 0x000000070fc00000|  0%| F|  |TAMS 0x000000070fa00000| PB 0x000000070fa00000| Untracked 
| 107|0x000000070fc00000, 0x000000070fc00000, 0x000000070fe00000|  0%| F|  |TAMS 0x000000070fc00000| PB 0x000000070fc00000| Untracked 
| 108|0x000000070fe00000, 0x000000070fe00000, 0x0000000710000000|  0%| F|  |TAMS 0x000000070fe00000| PB 0x000000070fe00000| Untracked 
| 109|0x0000000710000000, 0x0000000710000000, 0x0000000710200000|  0%| F|  |TAMS 0x0000000710000000| PB 0x0000000710000000| Untracked 
| 110|0x0000000710200000, 0x0000000710200000, 0x0000000710400000|  0%| F|  |TAMS 0x0000000710200000| PB 0x0000000710200000| Untracked 
| 111|0x0000000710400000, 0x0000000710400000, 0x0000000710600000|  0%| F|  |TAMS 0x0000000710400000| PB 0x0000000710400000| Untracked 
| 112|0x0000000710600000, 0x0000000710600000, 0x0000000710800000|  0%| F|  |TAMS 0x0000000710600000| PB 0x0000000710600000| Untracked 
| 113|0x0000000710800000, 0x0000000710800000, 0x0000000710a00000|  0%| F|  |TAMS 0x0000000710800000| PB 0x0000000710800000| Untracked 
| 114|0x0000000710a00000, 0x0000000710a00000, 0x0000000710c00000|  0%| F|  |TAMS 0x0000000710a00000| PB 0x0000000710a00000| Untracked 
| 115|0x0000000710c00000, 0x0000000710c00000, 0x0000000710e00000|  0%| F|  |TAMS 0x0000000710c00000| PB 0x0000000710c00000| Untracked 
| 116|0x0000000710e00000, 0x0000000710e00000, 0x0000000711000000|  0%| F|  |TAMS 0x0000000710e00000| PB 0x0000000710e00000| Untracked 
| 117|0x0000000711000000, 0x0000000711000000, 0x0000000711200000|  0%| F|  |TAMS 0x0000000711000000| PB 0x0000000711000000| Untracked 
| 118|0x0000000711200000, 0x0000000711200000, 0x0000000711400000|  0%| F|  |TAMS 0x0000000711200000| PB 0x0000000711200000| Untracked 
| 119|0x0000000711400000, 0x0000000711400000, 0x0000000711600000|  0%| F|  |TAMS 0x0000000711400000| PB 0x0000000711400000| Untracked 
| 120|0x0000000711600000, 0x0000000711800000, 0x0000000711800000|100%| E|  |TAMS 0x0000000711600000| PB 0x0000000711600000| Complete 
| 121|0x0000000711800000, 0x0000000711a00000, 0x0000000711a00000|100%| E|CS|TAMS 0x0000000711800000| PB 0x0000000711800000| Complete 
| 122|0x0000000711a00000, 0x0000000711c00000, 0x0000000711c00000|100%| E|CS|TAMS 0x0000000711a00000| PB 0x0000000711a00000| Complete 
| 123|0x0000000711c00000, 0x0000000711e00000, 0x0000000711e00000|100%| E|CS|TAMS 0x0000000711c00000| PB 0x0000000711c00000| Complete 
| 124|0x0000000711e00000, 0x0000000712000000, 0x0000000712000000|100%| E|CS|TAMS 0x0000000711e00000| PB 0x0000000711e00000| Complete 
| 125|0x0000000712000000, 0x0000000712200000, 0x0000000712200000|100%| E|CS|TAMS 0x0000000712000000| PB 0x0000000712000000| Complete 
| 126|0x0000000712200000, 0x0000000712400000, 0x0000000712400000|100%| E|CS|TAMS 0x0000000712200000| PB 0x0000000712200000| Complete 

Card table byte_map: [0x00000277f5c10000,0x00000277f6400000] _byte_map_base: 0x00000277f23fd000

Marking Bits: (CMBitMap*) 0x00000277e00f4b20
 Bits: [0x00000277f6400000, 0x00000277fa368000)

Polling page: 0x00000277e5990000

Metaspace:

Usage:
  Non-class:      6.61 MB used.
      Class:    907.47 KB used.
       Both:      7.49 MB used.

Virtual space:
  Non-class space:       64.00 MB reserved,       6.69 MB ( 10%) committed,  1 nodes.
      Class space:        1.00 GB reserved,       1.00 MB ( <1%) committed,  1 nodes.
             Both:        1.06 GB reserved,       7.69 MB ( <1%) committed. 

Chunk freelists:
   Non-Class:  8.50 MB
       Class:  15.00 MB
        Both:  23.50 MB

MaxMetaspaceSize: unlimited
CompressedClassSpaceSize: 1.00 GB
Initial GC threshold: 21.00 MB
Current GC threshold: 21.00 MB
CDS: on
 - commit_granule_bytes: 65536.
 - commit_granule_words: 8192.
 - virtual_space_node_default_size: 8388608.
 - enlarge_chunks_in_place: 1.
 - use_allocation_guard: 0.


Internal statistics:

num_allocs_failed_limit: 0.
num_arena_births: 224.
num_arena_deaths: 0.
num_vsnodes_births: 2.
num_vsnodes_deaths: 0.
num_space_committed: 123.
num_space_uncommitted: 0.
num_chunks_returned_to_freelist: 0.
num_chunks_taken_from_freelist: 358.
num_chunk_merges: 0.
num_chunk_splits: 213.
num_chunks_enlarged: 102.
num_inconsistent_stats: 0.

CodeHeap 'non-profiled nmethods': size=120000Kb used=316Kb max_used=316Kb free=119683Kb
 bounds [0x00000277ed480000, 0x00000277ed6f0000, 0x00000277f49b0000]
CodeHeap 'profiled nmethods': size=120000Kb used=1536Kb max_used=1536Kb free=118463Kb
 bounds [0x00000277e59b0000, 0x00000277e5c20000, 0x00000277ecee0000]
CodeHeap 'non-nmethods': size=5760Kb used=1411Kb max_used=1419Kb free=4349Kb
 bounds [0x00000277ecee0000, 0x00000277ed150000, 0x00000277ed480000]
CodeCache: size=245760Kb, used=3263Kb, max_used=3271Kb, free=242495Kb
 total_blobs=1521, nmethods=1017, adapters=409, full_count=0
Compilation: enabled, stopped_count=0, restarted_count=0

Compilation events (20 events):
Event: 0.965 Thread 0x00000277fc814600  988       3       java.lang.StringLatin1::regionMatchesCI (45 bytes)
Event: 0.965 Thread 0x00000277fc806df0  989   !   4       java.util.concurrent.ConcurrentHashMap::putVal (432 bytes)
Event: 0.965 Thread 0x00000277fc814600 nmethod 988 0x00000277e5b22410 code [0x00000277e5b225e0, 0x00000277e5b22898]
Event: 0.965 Thread 0x00000277fc814600  991       3       java.util.regex.Pattern$Start::match (90 bytes)
Event: 0.966 Thread 0x00000277fc814600 nmethod 991 0x00000277e5b22a10 code [0x00000277e5b22be0, 0x00000277e5b22fd8]
Event: 0.966 Thread 0x00000277fc814600  990       3       java.util.regex.Matcher::find (69 bytes)
Event: 0.966 Thread 0x00000277fc814600 nmethod 990 0x00000277e5b23190 code [0x00000277e5b23360, 0x00000277e5b23638]
Event: 0.966 Thread 0x00000277fc814600  992       3       java.lang.String::regionMatches (150 bytes)
Event: 0.967 Thread 0x00000277fc814600 nmethod 992 0x00000277e5b23710 code [0x00000277e5b23960, 0x00000277e5b24130]
Event: 0.969 Thread 0x00000277fc814600  993       3       java.util.TreeSet::contains (11 bytes)
Event: 0.969 Thread 0x00000277fc814600 nmethod 993 0x00000277e5b24410 code [0x00000277e5b245c0, 0x00000277e5b247a0]
Event: 0.970 Thread 0x00000277fc814600  994       3       java.lang.StringLatin1::indexOf (121 bytes)
Event: 0.970 Thread 0x00000277fc814600 nmethod 994 0x00000277e5b24890 code [0x00000277e5b24a80, 0x00000277e5b24f38]
Event: 0.971 Thread 0x00000277fc814600  996       3       java.util.HashMap::containsKey (14 bytes)
Event: 0.972 Thread 0x00000277fc814600 nmethod 996 0x00000277e5b25190 code [0x00000277e5b25340, 0x00000277e5b254c8]
Event: 0.972 Thread 0x00000277fc814600  997       3       java.util.HashSet::contains (9 bytes)
Event: 0.972 Thread 0x00000277fc814600 nmethod 997 0x00000277e5b25590 code [0x00000277e5b25740, 0x00000277e5b25920]
Event: 0.972 Thread 0x00000277fc814600  998       3       java.util.ImmutableCollections$MapN$MapNIterator::nextIndex (56 bytes)
Event: 0.972 Thread 0x00000277fc814600 nmethod 998 0x00000277e5b25a10 code [0x00000277e5b25bc0, 0x00000277e5b25d30]
Event: 0.973 Thread 0x00000277fc814600 1000       3       java.nio.HeapByteBuffer::ix (7 bytes)

GC Heap History (0 events):
No events

Dll operation events (2 events):
Event: 0.014 Loaded shared library C:\Program Files\JetBrains\PhpStorm 2025.1.3\jbr\bin\java.dll
Event: 0.099 Loaded shared library C:\Program Files\JetBrains\PhpStorm 2025.1.3\jbr\bin\zip.dll

Deoptimization events (10 events):
Event: 0.296 Thread 0x00000277dfef3ec0 Uncommon trap: trap_request=0xffffff45 fr.pc=0x00000277ed493f9c relative=0x000000000000007c
Event: 0.296 Thread 0x00000277dfef3ec0 Uncommon trap: reason=unstable_if action=reinterpret pc=0x00000277ed493f9c method=java.lang.CharacterDataLatin1.toLowerCase(I)I @ 16 c2
Event: 0.296 Thread 0x00000277dfef3ec0 DEOPT PACKING pc=0x00000277ed493f9c sp=0x00000083243fb280
Event: 0.296 Thread 0x00000277dfef3ec0 DEOPT UNPACKING pc=0x00000277ecf346a2 sp=0x00000083243fb210 mode 2
Event: 0.438 Thread 0x00000277dfef3ec0 DEOPT PACKING pc=0x00000277e59f2c07 sp=0x00000083243fe040
Event: 0.438 Thread 0x00000277dfef3ec0 DEOPT UNPACKING pc=0x00000277ecf34e42 sp=0x00000083243fd4d8 mode 0
Event: 0.557 Thread 0x00000277dfef3ec0 DEOPT PACKING pc=0x00000277e59c904c sp=0x00000083243fcd40
Event: 0.557 Thread 0x00000277dfef3ec0 DEOPT UNPACKING pc=0x00000277ecf34e42 sp=0x00000083243fc160 mode 0
Event: 0.599 Thread 0x00000277dfef3ec0 DEOPT PACKING pc=0x00000277e59c7c4c sp=0x00000083243fe5b0
Event: 0.599 Thread 0x00000277dfef3ec0 DEOPT UNPACKING pc=0x00000277ecf34e42 sp=0x00000083243fda18 mode 0

Classes loaded (20 events):
Event: 0.964 Loading class sun/security/ssl/CertStatusExtension$CertStatusRequestSpec done
Event: 0.964 Loading class sun/security/ssl/CertStatusExtension$OCSPStatusRequest
Event: 0.964 Loading class sun/security/ssl/CertStatusExtension$CertStatusRequest
Event: 0.964 Loading class sun/security/ssl/CertStatusExtension$CertStatusRequest done
Event: 0.964 Loading class sun/security/ssl/CertStatusExtension$OCSPStatusRequest done
Event: 0.964 Loading class sun/security/ssl/CertStatusExtension$CertStatusRequestType
Event: 0.964 Loading class sun/security/ssl/CertStatusExtension$CertStatusRequestType done
Event: 0.966 Loading class sun/security/ssl/SupportedGroupsExtension$SupportedGroupsSpec
Event: 0.966 Loading class sun/security/ssl/SupportedGroupsExtension$SupportedGroupsSpec done
Event: 0.966 Loading class sun/security/ssl/ECPointFormatsExtension$ECPointFormatsSpec
Event: 0.966 Loading class sun/security/ssl/ECPointFormatsExtension$ECPointFormatsSpec done
Event: 0.966 Loading class sun/security/ssl/ECPointFormatsExtension$ECPointFormat
Event: 0.967 Loading class sun/security/ssl/ECPointFormatsExtension$ECPointFormat done
Event: 0.967 Loading class sun/security/ssl/AlpnExtension$AlpnSpec
Event: 0.967 Loading class sun/security/ssl/AlpnExtension$AlpnSpec done
Event: 0.967 Loading class sun/security/ssl/CertStatusExtension$CertStatusRequestV2Spec
Event: 0.967 Loading class sun/security/ssl/CertStatusExtension$CertStatusRequestV2Spec done
Event: 0.967 Loading class sun/security/ssl/ExtendedMasterSecretExtension$ExtendedMasterSecretSpec
Event: 0.967 Loading class sun/security/ssl/ExtendedMasterSecretExtension$ExtendedMasterSecretSpec done
Event: 0.973 Loading class sun/security/ssl/SignatureAlgorithmsExtension$SignatureSchemesSpec

Classes unloaded (0 events):
No events

Classes redefined (0 events):
No events

Internal exceptions (20 events):
Event: 0.545 Thread 0x00000277dfef3ec0 Exception <a 'java/lang/NoSuchMethodError'{0x0000000711cfb808}: 'int java.lang.invoke.DirectMethodHandle$Holder.invokeStaticInit(java.lang.Object, int, int)'> (0x0000000711cfb808) 
thrown [s\src\hotspot\share\interpreter\linkResolver.cpp, line 784]
Event: 0.547 Thread 0x00000277dfef3ec0 Exception <a 'java/lang/NoSuchMethodError'{0x0000000711d02e18}: 'int java.lang.invoke.DirectMethodHandle$Holder.invokeStaticInit(java.lang.Object, long, long)'> (0x0000000711d02e18) 
thrown [s\src\hotspot\share\interpreter\linkResolver.cpp, line 784]
Event: 0.548 Thread 0x00000277dfef3ec0 Exception <a 'java/lang/NoSuchMethodError'{0x0000000711d098b0}: 'int java.lang.invoke.DirectMethodHandle$Holder.invokeStaticInit(java.lang.Object, float, float)'> (0x0000000711d098b0) 
thrown [s\src\hotspot\share\interpreter\linkResolver.cpp, line 784]
Event: 0.550 Thread 0x00000277dfef3ec0 Exception <a 'java/lang/NoSuchMethodError'{0x0000000711d10468}: 'int java.lang.invoke.DirectMethodHandle$Holder.invokeStaticInit(java.lang.Object, double, double)'> (0x0000000711d10468) 
thrown [s\src\hotspot\share\interpreter\linkResolver.cpp, line 784]
Event: 0.552 Thread 0x00000277dfef3ec0 Exception <a 'java/lang/NoSuchMethodError'{0x0000000711d14af0}: 'int java.lang.invoke.DirectMethodHandle$Holder.invokeStatic(java.lang.Object, long)'> (0x0000000711d14af0) 
thrown [s\src\hotspot\share\interpreter\linkResolver.cpp, line 784]
Event: 0.563 Thread 0x00000277dfef3ec0 Exception <a 'java/lang/NoSuchMethodError'{0x0000000711d3e540}: 'java.lang.Object java.lang.invoke.DirectMethodHandle$Holder.invokeSpecial(java.lang.Object, java.lang.Object, int, java.lang.Object, java.lang.Object)'> (0x0000000711d3e540) 
thrown [s\src\hotspot\share\interpreter\linkResolver.cpp, line 784]
Event: 0.564 Thread 0x00000277dfef3ec0 Exception <a 'java/lang/NoSuchMethodError'{0x0000000711d41ed0}: 'java.lang.Object java.lang.invoke.DelegatingMethodHandle$Holder.delegate(java.lang.Object, int, java.lang.Object, java.lang.Object)'> (0x0000000711d41ed0) 
thrown [s\src\hotspot\share\interpreter\linkResolver.cpp, line 784]
Event: 0.569 Thread 0x00000277dfef3ec0 Exception <a 'java/lang/NoSuchMethodError'{0x0000000711d511f0}: 'int java.lang.invoke.Invokers$Holder.linkToTargetMethod(java.lang.Object, java.lang.Object, java.lang.Object)'> (0x0000000711d511f0) 
thrown [s\src\hotspot\share\interpreter\linkResolver.cpp, line 784]
Event: 0.577 Thread 0x00000277dfef3ec0 Exception <a 'java/lang/NoSuchMethodError'{0x0000000711d83248}: 'long java.lang.invoke.DirectMethodHandle$Holder.invokeSpecial(java.lang.Object, java.lang.Object)'> (0x0000000711d83248) 
thrown [s\src\hotspot\share\interpreter\linkResolver.cpp, line 784]
Event: 0.579 Thread 0x00000277dfef3ec0 Exception <a 'java/lang/NoSuchMethodError'{0x0000000711d89b18}: 'int java.lang.invoke.DirectMethodHandle$Holder.invokeStatic(java.lang.Object, java.lang.Object, java.lang.Object, java.lang.Object)'> (0x0000000711d89b18) 
thrown [s\src\hotspot\share\interpreter\linkResolver.cpp, line 784]
Event: 0.580 Thread 0x00000277dfef3ec0 Exception <a 'java/lang/NoSuchMethodError'{0x0000000711d8cf38}: 'java.lang.Object java.lang.invoke.Invokers$Holder.invokeExact_MT(java.lang.Object, java.lang.Object, java.lang.Object, java.lang.Object, java.lang.Object, java.lang.Object)'> (0x0000000711d8cf38) 
thrown [s\src\hotspot\share\interpreter\linkResolver.cpp, line 784]
Event: 0.762 Thread 0x00000277dfef3ec0 Exception <a 'java/lang/NoSuchMethodError'{0x0000000711bf48e8}: 'java.lang.Object java.lang.invoke.DirectMethodHandle$Holder.newInvokeSpecial(java.lang.Object, java.lang.Object, java.lang.Object, java.lang.Object, java.lang.Object)'> (0x0000000711bf48e8) 
thrown [s\src\hotspot\share\interpreter\linkResolver.cpp, line 784]
Event: 0.830 Thread 0x00000277dfef3ec0 Exception <a 'java/lang/NoSuchMethodError'{0x0000000711982b50}: 'java.lang.Object java.lang.invoke.DirectMethodHandle$Holder.invokeSpecial(java.lang.Object, java.lang.Object, java.lang.Object, java.lang.Object, int)'> (0x0000000711982b50) 
thrown [s\src\hotspot\share\interpreter\linkResolver.cpp, line 784]
Event: 0.830 Thread 0x00000277dfef3ec0 Exception <a 'java/lang/NoSuchMethodError'{0x00000007119864b8}: 'java.lang.Object java.lang.invoke.Invokers$Holder.linkToTargetMethod(java.lang.Object, java.lang.Object, int, java.lang.Object)'> (0x00000007119864b8) 
thrown [s\src\hotspot\share\interpreter\linkResolver.cpp, line 784]
Event: 0.845 Thread 0x00000277dfef3ec0 Exception <a 'java/lang/NoSuchMethodError'{0x00000007119b47a8}: 'void java.lang.invoke.DirectMethodHandle$Holder.invokeSpecial(java.lang.Object, java.lang.Object, java.lang.Object)'> (0x00000007119b47a8) 
thrown [s\src\hotspot\share\interpreter\linkResolver.cpp, line 784]
Event: 0.876 Thread 0x00000277fd7276e0 Exception <a 'java/lang/NoSuchMethodError'{0x0000000711b730b8}: 'void java.lang.invoke.DirectMethodHandle$Holder.invokeStatic(java.lang.Object, java.lang.Object, int)'> (0x0000000711b730b8) 
thrown [s\src\hotspot\share\interpreter\linkResolver.cpp, line 784]
Event: 0.890 Thread 0x00000277fd7276e0 Exception <a 'java/lang/NoSuchMethodError'{0x0000000711bad170}: 'void java.lang.invoke.DirectMethodHandle$Holder.invokeStatic(java.lang.Object, java.lang.Object)'> (0x0000000711bad170) 
thrown [s\src\hotspot\share\interpreter\linkResolver.cpp, line 784]
Event: 0.893 Thread 0x00000277dfef3ec0 Exception <a 'java/lang/NoSuchMethodError'{0x00000007116444a8}: 'void java.lang.invoke.DirectMethodHandle$Holder.invokeSpecial(java.lang.Object, java.lang.Object, java.lang.Object, java.lang.Object, java.lang.Object)'> (0x00000007116444a8) 
thrown [s\src\hotspot\share\interpreter\linkResolver.cpp, line 784]
Event: 0.898 Thread 0x00000277fd7dd0d0 Exception <a 'java/lang/NoSuchMethodError'{0x0000000711694c10}: 'void java.lang.invoke.DirectMethodHandle$Holder.invokeInterface(java.lang.Object, java.lang.Object, java.lang.Object)'> (0x0000000711694c10) 
thrown [s\src\hotspot\share\interpreter\linkResolver.cpp, line 784]
Event: 0.913 Thread 0x00000277fd7dd0d0 Exception <a 'java/lang/NoSuchMethodError'{0x00000007116e8700}: 'void java.lang.invoke.DirectMethodHandle$Holder.invokeVirtual(java.lang.Object, java.lang.Object)'> (0x00000007116e8700) 
thrown [s\src\hotspot\share\interpreter\linkResolver.cpp, line 784]

ZGC Phase Switch (0 events):
No events

VM Operations (6 events):
Event: 0.121 Executing VM operation: HandshakeAllThreads (Deoptimize)
Event: 0.121 Executing VM operation: HandshakeAllThreads (Deoptimize) done
Event: 0.133 Executing VM operation: HandshakeAllThreads (Deoptimize)
Event: 0.133 Executing VM operation: HandshakeAllThreads (Deoptimize) done
Event: 0.423 Executing VM operation: HandshakeAllThreads (Deoptimize)
Event: 0.423 Executing VM operation: HandshakeAllThreads (Deoptimize) done

Memory protections (0 events):
No events

Nmethod flushes (0 events):
No events

Events (20 events):
Event: 0.041 Thread 0x00000277dfef3ec0 Thread added: 0x00000277dfef3ec0
Event: 0.063 Thread 0x00000277dfef3ec0 Thread added: 0x00000277fc7f53b0
Event: 0.064 Thread 0x00000277dfef3ec0 Thread added: 0x00000277fc7f6470
Event: 0.064 Thread 0x00000277dfef3ec0 Thread added: 0x00000277fc7fa7b0
Event: 0.064 Thread 0x00000277dfef3ec0 Thread added: 0x00000277fc7fb560
Event: 0.064 Thread 0x00000277dfef3ec0 Thread added: 0x00000277fc7fc160
Event: 0.064 Thread 0x00000277dfef3ec0 Thread added: 0x00000277fc7fcd60
Event: 0.065 Thread 0x00000277dfef3ec0 Thread added: 0x00000277fc806df0
Event: 0.065 Thread 0x00000277dfef3ec0 Thread added: 0x00000277fc814600
Event: 0.096 Thread 0x00000277dfef3ec0 Thread added: 0x00000277fd114390
Event: 0.101 Thread 0x00000277dfef3ec0 Thread added: 0x00000277fd116bc0
Event: 0.108 Loaded shared library C:\Program Files\JetBrains\PhpStorm 2025.1.3\jbr\bin\net.dll
Event: 0.111 Loaded shared library C:\Program Files\JetBrains\PhpStorm 2025.1.3\jbr\bin\nio.dll
Event: 0.115 Loaded shared library C:\Program Files\JetBrains\PhpStorm 2025.1.3\jbr\bin\zip.dll
Event: 0.210 Loaded shared library C:\Program Files\JetBrains\PhpStorm 2025.1.3\jbr\bin\jimage.dll
Event: 0.224 Loaded shared library C:\Program Files\JetBrains\PhpStorm 2025.1.3\jbr\bin\sunmscapi.dll
Event: 0.743 Loaded shared library C:\Program Files\JetBrains\PhpStorm 2025.1.3\jbr\bin\extnet.dll
Event: 0.753 Thread 0x00000277dfef3ec0 Thread added: 0x00000277fd7276e0
Event: 0.889 Thread 0x00000277fd7276e0 Thread added: 0x00000277fd7dd0d0
Event: 0.924 Thread 0x00000277fd7276e0 Thread added: 0x00000277fd7e7540


Dynamic libraries:
0x00007ff787780000 - 0x00007ff78778a000 	C:\Program Files\JetBrains\PhpStorm 2025.1.3\jbr\bin\java.exe
0x00007ffd5b3b0000 - 0x00007ffd5b5c7000 	C:\WINDOWS\SYSTEM32\ntdll.dll
0x00007ffd5aa70000 - 0x00007ffd5ab34000 	C:\WINDOWS\System32\KERNEL32.DLL
0x00007ffd58610000 - 0x00007ffd589e2000 	C:\WINDOWS\System32\KERNELBASE.dll
0x00007ffd58f20000 - 0x00007ffd59031000 	C:\WINDOWS\System32\ucrtbase.dll
0x00007ffd41c00000 - 0x00007ffd41c1b000 	C:\Program Files\JetBrains\PhpStorm 2025.1.3\jbr\bin\VCRUNTIME140.dll
0x00007ffd3e4b0000 - 0x00007ffd3e4c8000 	C:\Program Files\JetBrains\PhpStorm 2025.1.3\jbr\bin\jli.dll
0x00007ffd593f0000 - 0x00007ffd595a1000 	C:\WINDOWS\System32\USER32.dll
0x00007ffd3ef20000 - 0x00007ffd3f1bb000 	C:\WINDOWS\WinSxS\amd64_microsoft.windows.common-controls_6595b64144ccf1df_6.0.22621.5697_none_27154c497380d676\COMCTL32.dll
0x00007ffd58d30000 - 0x00007ffd58d56000 	C:\WINDOWS\System32\win32u.dll
0x00007ffd5a2e0000 - 0x00007ffd5a387000 	C:\WINDOWS\System32\msvcrt.dll
0x00007ffd593c0000 - 0x00007ffd593e9000 	C:\WINDOWS\System32\GDI32.dll
0x00007ffd58a90000 - 0x00007ffd58bb3000 	C:\WINDOWS\System32\gdi32full.dll
0x00007ffd589f0000 - 0x00007ffd58a8a000 	C:\WINDOWS\System32\msvcp_win.dll
0x00007ffd59300000 - 0x00007ffd59331000 	C:\WINDOWS\System32\IMM32.DLL
0x00007ffd465d0000 - 0x00007ffd465dc000 	C:\Program Files\JetBrains\PhpStorm 2025.1.3\jbr\bin\vcruntime140_1.dll
0x00007ffd16400000 - 0x00007ffd1648d000 	C:\Program Files\JetBrains\PhpStorm 2025.1.3\jbr\bin\msvcp140.dll
0x00007ffceb730000 - 0x00007ffcec4f9000 	C:\Program Files\JetBrains\PhpStorm 2025.1.3\jbr\bin\server\jvm.dll
0x00007ffd5a900000 - 0x00007ffd5a9b1000 	C:\WINDOWS\System32\ADVAPI32.dll
0x00007ffd59f70000 - 0x00007ffd5a018000 	C:\WINDOWS\System32\sechost.dll
0x00007ffd585e0000 - 0x00007ffd58608000 	C:\WINDOWS\System32\bcrypt.dll
0x00007ffd5a1c0000 - 0x00007ffd5a2d7000 	C:\WINDOWS\System32\RPCRT4.dll
0x00007ffd59040000 - 0x00007ffd590b1000 	C:\WINDOWS\System32\WS2_32.dll
0x00007ffd580d0000 - 0x00007ffd5811d000 	C:\WINDOWS\SYSTEM32\POWRPROF.dll
0x00007ffd4fa30000 - 0x00007ffd4fa64000 	C:\WINDOWS\SYSTEM32\WINMM.dll
0x00007ffd4d1d0000 - 0x00007ffd4d1da000 	C:\WINDOWS\SYSTEM32\VERSION.dll
0x00007ffd57ed0000 - 0x00007ffd57ee3000 	C:\WINDOWS\SYSTEM32\UMPDC.dll
0x00007ffd57440000 - 0x00007ffd57458000 	C:\WINDOWS\SYSTEM32\kernel.appcore.dll
0x00007ffd42610000 - 0x00007ffd4261a000 	C:\Program Files\JetBrains\PhpStorm 2025.1.3\jbr\bin\jimage.dll
0x00007ffd55e70000 - 0x00007ffd560a3000 	C:\WINDOWS\SYSTEM32\DBGHELP.DLL
0x00007ffd5a560000 - 0x00007ffd5a8f2000 	C:\WINDOWS\System32\combase.dll
0x00007ffd59200000 - 0x00007ffd592d8000 	C:\WINDOWS\System32\OLEAUT32.dll
0x00007ffd2d940000 - 0x00007ffd2d972000 	C:\WINDOWS\SYSTEM32\dbgcore.DLL
0x00007ffd58e20000 - 0x00007ffd58e9b000 	C:\WINDOWS\System32\bcryptPrimitives.dll
0x00007ffd1c6d0000 - 0x00007ffd1c6f0000 	C:\Program Files\JetBrains\PhpStorm 2025.1.3\jbr\bin\java.dll
0x00007ffd595b0000 - 0x00007ffd59e51000 	C:\WINDOWS\System32\SHELL32.dll
0x00007ffd584a0000 - 0x00007ffd585df000 	C:\WINDOWS\System32\wintypes.dll
0x00007ffd56330000 - 0x00007ffd56c4a000 	C:\WINDOWS\SYSTEM32\windows.storage.dll
0x00007ffd59e60000 - 0x00007ffd59f6b000 	C:\WINDOWS\System32\SHCORE.dll
0x00007ffd5a390000 - 0x00007ffd5a3f9000 	C:\WINDOWS\System32\shlwapi.dll
0x00007ffd583d0000 - 0x00007ffd583fb000 	C:\WINDOWS\SYSTEM32\profapi.dll
0x00007ffd1c6b0000 - 0x00007ffd1c6c8000 	C:\Program Files\JetBrains\PhpStorm 2025.1.3\jbr\bin\zip.dll
0x00007ffd41bf0000 - 0x00007ffd41c00000 	C:\Program Files\JetBrains\PhpStorm 2025.1.3\jbr\bin\net.dll
0x00007ffd4d000000 - 0x00007ffd4d12c000 	C:\WINDOWS\SYSTEM32\WINHTTP.dll
0x00007ffd57900000 - 0x00007ffd57969000 	C:\WINDOWS\system32\mswsock.dll
0x00007ffd1c690000 - 0x00007ffd1c6a6000 	C:\Program Files\JetBrains\PhpStorm 2025.1.3\jbr\bin\nio.dll
0x00007ffd22340000 - 0x00007ffd2234e000 	C:\Program Files\JetBrains\PhpStorm 2025.1.3\jbr\bin\sunmscapi.dll
0x00007ffd58bc0000 - 0x00007ffd58d28000 	C:\WINDOWS\System32\CRYPT32.dll
0x00007ffd57d40000 - 0x00007ffd57d6d000 	C:\WINDOWS\SYSTEM32\ncrypt.dll
0x00007ffd57d00000 - 0x00007ffd57d37000 	C:\WINDOWS\SYSTEM32\NTASN1.dll
0x00007ffd57c50000 - 0x00007ffd57c6b000 	C:\WINDOWS\SYSTEM32\CRYPTSP.dll
0x00007ffd573a0000 - 0x00007ffd573d7000 	C:\WINDOWS\system32\rsaenh.dll
0x00007ffd579a0000 - 0x00007ffd579c8000 	C:\WINDOWS\SYSTEM32\USERENV.dll
0x00007ffd57c30000 - 0x00007ffd57c3c000 	C:\WINDOWS\SYSTEM32\CRYPTBASE.dll
0x00007ffd56ef0000 - 0x00007ffd56f1d000 	C:\WINDOWS\SYSTEM32\IPHLPAPI.DLL
0x00007ffd592f0000 - 0x00007ffd592f9000 	C:\WINDOWS\System32\NSI.dll
0x00007ffd15570000 - 0x00007ffd15578000 	C:\WINDOWS\system32\wshunix.dll
0x00007ffd146f0000 - 0x00007ffd146f9000 	C:\Program Files\JetBrains\PhpStorm 2025.1.3\jbr\bin\extnet.dll

JVMTI agents: none

dbghelp: loaded successfully - version: 4.0.5 - missing functions: none
symbol engine: initialized successfully - sym options: 0x614 - pdb path: .;C:\Program Files\JetBrains\PhpStorm 2025.1.3\jbr\bin;C:\WINDOWS\SYSTEM32;C:\WINDOWS\WinSxS\amd64_microsoft.windows.common-controls_6595b64144ccf1df_6.0.22621.5697_none_27154c497380d676;C:\Program Files\JetBrains\PhpStorm 2025.1.3\jbr\bin\server

VM Arguments:
java_command: git4idea.http.GitAskPassApp Password for 'https://mashud-rana@gitlab.com': 
java_class_path (initial): C:/Program Files/JetBrains/PhpStorm 2025.1.3/plugins/vcs-git/lib/git4idea-rt.jar;C:/Program Files/JetBrains/PhpStorm 2025.1.3/lib/externalProcess-rt.jar
Launcher Type: SUN_STANDARD

[Global flags]
     intx CICompilerCount                          = 4                                         {product} {ergonomic}
     uint ConcGCThreads                            = 2                                         {product} {ergonomic}
     uint G1ConcRefinementThreads                  = 8                                         {product} {ergonomic}
   size_t G1HeapRegionSize                         = 2097152                                   {product} {ergonomic}
    uintx GCDrainStackTargetSize                   = 64                                        {product} {ergonomic}
   size_t InitialHeapSize                          = 266338304                                 {product} {ergonomic}
   size_t MarkStackSize                            = 4194304                                   {product} {ergonomic}
   size_t MaxHeapSize                              = 4255121408                                {product} {ergonomic}
   size_t MaxNewSize                               = 2552233984                                {product} {ergonomic}
   size_t MinHeapDeltaBytes                        = 2097152                                   {product} {ergonomic}
   size_t MinHeapSize                              = 8388608                                   {product} {ergonomic}
    uintx NonNMethodCodeHeapSize                   = 5839372                                {pd product} {ergonomic}
    uintx NonProfiledCodeHeapSize                  = 122909434                              {pd product} {ergonomic}
    uintx ProfiledCodeHeapSize                     = 122909434                              {pd product} {ergonomic}
    uintx ReservedCodeCacheSize                    = 251658240                              {pd product} {ergonomic}
     bool SegmentedCodeCache                       = true                                      {product} {ergonomic}
   size_t SoftMaxHeapSize                          = 4255121408                             {manageable} {ergonomic}
     bool UseCompressedOops                        = true                           {product lp64_product} {ergonomic}
     bool UseG1GC                                  = true                                      {product} {ergonomic}
     bool UseLargePagesIndividualAllocation        = false                                  {pd product} {ergonomic}

Logging:
Log output configuration:
 #0: stdout all=warning uptime,level,tags foldmultilines=false
 #1: stderr all=off uptime,level,tags foldmultilines=false

Environment Variables:
PATH=C:\Program Files\Git\mingw64\libexec\git-core;C:\Program Files\Git\mingw64\libexec\git-core;C:\Program Files\Git\mingw64\bin;C:\Program Files\Git\usr\bin;C:\Users\mashu\bin;C:\WINDOWS\system32;C:\WINDOWS;C:\WINDOWS\System32\Wbem;C:\WINDOWS\System32\WindowsPowerShell\v1.0;C:\WINDOWS\System32\OpenSSH;C:\Program Files (x86)\Intel\Intel(R) Management Engine Components\DAL;C:\Program Files\Intel\Intel(R) Management Engine Components\DAL;C:\Program Files\Git\cmd;C:\ProgramData\ComposerSetup\bin;D:\laragon\bin\php\php-8.2.8-Win32-vs16-x64;C:\Program Files\nodejs;C:\Program Files\PuTTY;C:\ProgramData\chocolatey\bin;C:\Users\mashu\AppData\Local\Yarn\config\global\node_modules\.bin;C:\Users\mashu\AppData\Roaming\Composer\vendor\bin;C:\Users\mashu\AppData\Roaming\npm;D:\laragon\bin;D:\laragon\bin\apache\httpd-2.4.54-win64-VS16\bin;D:\laragon\bin\composer;D:\laragon\bin\git\bin;D:\laragon\bin\git\cmd;D:\laragon\bin\git\mingw64\bin;D:\laragon\bin\git\usr\bin;D:\laragon\bin\laragon\utils;D:\laragon\bin\mysql\mysql-8.0.30-winx64\bin;D:\laragon\bin\nginx\nginx-1.22.0;D:\laragon\bin\ngrok;D:\laragon\bin\nodejs\node-v18;D:\laragon\bin\notepad++;D:\laragon\bin\php\php-8.3.13-nts-Win32-vs16-x64;D:\laragon\bin\postgresql\postgresql-15.1-1\bin;D:\laragon\bin\python\python-3.10;D:\laragon\bin\python\python-3.10\Scripts;D:\laragon\bin\redis\redis-x64-5.0.14.1;D:\laragon\bin\telnet;D:\laragon\usr\bin;C:\Users\mashu\AppData\Local\Programs\Python\Launcher;C:\Users\mashu\AppData\Local\Microsoft\WindowsApps;C:\Users\mashu\AppData\Local\Programs\Microsoft VS Code\bin
USERNAME=mashu
DISPLAY=:0.0
LC_ALL=en_US.UTF-8
TERM=xterm-256color
TMPDIR=C:\Users\mashu\AppData\Local\Temp
OS=Windows_NT
PROCESSOR_IDENTIFIER=Intel64 Family 6 Model 142 Stepping 10, GenuineIntel
TMP=C:\Users\mashu\AppData\Local\Temp
TEMP=C:\Users\mashu\AppData\Local\Temp




Periodic native trim disabled

JNI global refs:
JNI global refs: 19, weak refs: 0

JNI global refs memory usage: 835, weak refs: 833

Process memory usage:
Resident Set Size: 68776K (0% of 16616664K total physical memory with 137312K free physical memory)

OOME stack traces (most recent first):
Classloader memory used:
